[0.014s] Invoking command in '/home/mihiro/camera_ws/collab_ws/camera_ws/fry_ws/build/ball_detector': CMAKE_PREFIX_PATH=${CMAKE_PREFIX_PATH}:/opt/ros/jazzy /usr/bin/cmake --build /home/mihiro/camera_ws/collab_ws/camera_ws/fry_ws/build/ball_detector -- -j16 -l16
[0.134s] [ 50%] [32mBuilding CXX object CMakeFiles/ball_detector_node.dir/src/main.cpp.o[0m
[2.579s] [01m[K/home/mihiro/camera_ws/collab_ws/camera_ws/fry_ws/src/ball_detector/src/main.cpp:[m[K In function â€˜[01m[Kint[01;32m[K main[m[K(int, char**)[m[Kâ€™:
[2.579s] [01m[K/home/mihiro/camera_ws/collab_ws/camera_ws/fry_ws/src/ball_detector/src/main.cpp:74:5:[m[K [01;31m[Kerror: [m[Kreturn-statement with no value, in function returning â€˜[01m[Kint[m[Kâ€™ [[01;31m[K]8;;https://gcc.gnu.org/onlinedocs/gcc/Warning-Options.html#index-fpermissive-fpermissive]8;;[m[K]
[2.579s]    74 |     [01;31m[Kreturn[m[K;
[2.579s]       |     [01;31m[K^~~~~~[m[K
[3.784s] gmake[2]: *** [CMakeFiles/ball_detector_node.dir/build.make:76: CMakeFiles/ball_detector_node.dir/src/main.cpp.o] Error 1
[3.784s] gmake[1]: *** [CMakeFiles/Makefile2:137: CMakeFiles/ball_detector_node.dir/all] Error 2
[3.784s] gmake: *** [Makefile:146: all] Error 2
[3.786s] Invoked command in '/home/mihiro/camera_ws/collab_ws/camera_ws/fry_ws/build/ball_detector' returned '2': CMAKE_PREFIX_PATH=${CMAKE_PREFIX_PATH}:/opt/ros/jazzy /usr/bin/cmake --build /home/mihiro/camera_ws/collab_ws/camera_ws/fry_ws/build/ball_detector -- -j16 -l16
